Using pre-set license

 COMMAND LINE ARGUMENTS:
/Users/daniel/Documents/UnityVersions/2020.3.12f1/Unity.app/Contents/MacOS/Unity
-adb2
-batchMode
-noUpm
-name
AssetImportWorker0
-projectPath
/Users/daniel/Documents/Projects/unity-background-service/Unity3DProject
-logFile
Logs/AssetImportWorker0.log
-srvPort
64867
Successfully changed project path to: /Users/daniel/Documents/Projects/unity-background-service/Unity3DProject
/Users/daniel/Documents/Projects/unity-background-service/Unity3DProject
Using Asset Import Pipeline V2.
Refreshing native plugins compatible for Editor in 30.05 ms, found 2 plugins.
Preloading 0 native plugins for Editor in 0.00 ms.
Initialize engine version: 2020.3.12f1 (b3b2c6512326)
[Subsystems] Discovering subsystems at path /Users/daniel/Documents/UnityVersions/2020.3.12f1/Unity.app/Contents/Resources/UnitySubsystems
[Subsystems] Discovering subsystems at path /Users/daniel/Documents/Projects/unity-background-service/Unity3DProject/Assets
GfxDevice: creating device client; threaded=0
2021-11-11 14:50:31.105 Unity[47512:3290374] Color LCD preferred device: AMD Radeon Pro 5500M (high power)
2021-11-11 14:50:31.105 Unity[47512:3290374] Metal devices available: 2
2021-11-11 14:50:31.105 Unity[47512:3290374] 0: AMD Radeon Pro 5500M (high power)
2021-11-11 14:50:31.105 Unity[47512:3290374] 1: Intel(R) UHD Graphics 630 (low power)
2021-11-11 14:50:31.106 Unity[47512:3290374] Using device AMD Radeon Pro 5500M (high power)
Initializing Metal device caps: AMD Radeon Pro 5500M
Initialize mono
Mono path[0] = '/Users/daniel/Documents/UnityVersions/2020.3.12f1/Unity.app/Contents/Managed'
Mono path[1] = '/Users/daniel/Documents/UnityVersions/2020.3.12f1/Unity.app/Contents/MonoBleedingEdge/lib/mono/unityjit'
Mono config path = '/Users/daniel/Documents/UnityVersions/2020.3.12f1/Unity.app/Contents/MonoBleedingEdge/etc'
Using monoOptions --debugger-agent=transport=dt_socket,embedding=1,server=y,suspend=n,address=127.0.0.1:56512
Begin MonoManager ReloadAssembly
Registering precompiled unity dll's ...
Register platform support module: /Users/daniel/Documents/UnityVersions/2020.3.12f1/Unity.app/Contents/PlaybackEngines/MacStandaloneSupport/UnityEditor.OSXStandalone.Extensions.dll
Registered in 0.002967 seconds.
Native extension for OSXStandalone target not found
Refreshing native plugins compatible for Editor in 23.61 ms, found 2 plugins.
Preloading 0 native plugins for Editor in 0.00 ms.
Mono: successfully reloaded assembly
- Completed reload, in  2.113 seconds
Platform modules already initialized, skipping
Registering precompiled user dll's ...
Registered in 0.009271 seconds.
Begin MonoManager ReloadAssembly
Native extension for OSXStandalone target not found
Refreshing native plugins compatible for Editor in 0.28 ms, found 2 plugins.
Preloading 0 native plugins for Editor in 0.00 ms.
Mono: successfully reloaded assembly
- Completed reload, in  1.072 seconds
Platform modules already initialized, skipping
========================================================================
Worker process is ready to serve import requests
Launching external process: /Users/daniel/Documents/UnityVersions/2020.3.12f1/Unity.app/Contents/Tools/UnityShaderCompiler
Launched and connected shader compiler UnityShaderCompiler after 0.01 seconds
Refreshing native plugins compatible for Editor in 0.33 ms, found 2 plugins.
Preloading 0 native plugins for Editor in 0.00 ms.
Unloading 1445 Unused Serialized files (Serialized files now loaded: 0)
System memory in use before: 172.9 MB.
System memory in use after: 173.0 MB.

Unloading 19 unused Assets to reduce memory usage. Loaded Objects now: 1878.
Total: 2.027607 ms (FindLiveObjects: 0.187240 ms CreateObjectMapping: 0.048936 ms MarkObjects: 1.724444 ms  DeleteObjects: 0.066089 ms)

AssetImportParameters requested are different than current active one (requested -> active):
  custom:video-decoder-ogg-theora: a1e56fd34408186e4bbccfd4996cb3dc -> 
  custom:container-muxer-webm: aa71ff27fc2769a1b78a27578f13a17b -> 
  custom:container-demuxer-webm: 4f35f7cbe854078d1ac9338744f61a02 -> 
  custom:container-demuxer-ogg: 62fdf1f143b41e24485cea50d1cbac27 -> 
  custom:video-encoder-webm-vp8: eb34c28f22e8b96e1ab97ce403110664 -> 
  custom:framework-osx-AVFoundation: e770b220cccbd017edd2c1fefb359320 -> 
  custom:video-decoder-webm-vp8: 9c59270c3fd7afecdb556c50c9e8de78 -> 
  custom:audio-decoder-ogg-vorbis: bf7c407c2cedff20999df2af8eb42d56 -> 
  custom:audio-encoder-webm-vorbis: bf7c407c2cedff20999df2af8eb42d56 -> 
========================================================================
Received Import Request.
  path: Assets/Plugins/Android
  artifactKey: Guid(f972e848f5707774abccbfa6f9d159fd) Importer(815301076,1909f56bfc062723c751e8b465ee728b)
Start importing Assets/Plugins/Android using Guid(f972e848f5707774abccbfa6f9d159fd) Importer(815301076,1909f56bfc062723c751e8b465ee728b)  -> (artifact id: 'a9baba2a6929a07dd4530cd0c9995226') in 0.003194 seconds 
  Import took 0.004933 seconds .

========================================================================
Received Import Request.
  Time since last request: 0.000181 seconds.
  path: Assets/Plugins
  artifactKey: Guid(ed68a136b261f904e9648bfa336debcf) Importer(815301076,1909f56bfc062723c751e8b465ee728b)
Start importing Assets/Plugins using Guid(ed68a136b261f904e9648bfa336debcf) Importer(815301076,1909f56bfc062723c751e8b465ee728b)  -> (artifact id: 'db77dd64e4a1d2cd693bd5ccca46fff3') in 0.000685 seconds 
  Import took 0.002139 seconds .

========================================================================
Received Import Request.
  Time since last request: 1.215769 seconds.
  path: Assets/Plugins/Android/app-debug.aar
  artifactKey: Guid(7250af2d286800146b4c51198c067efd) Importer(815301076,1909f56bfc062723c751e8b465ee728b)
Start importing Assets/Plugins/Android/app-debug.aar using Guid(7250af2d286800146b4c51198c067efd) Importer(815301076,1909f56bfc062723c751e8b465ee728b)  -> (artifact id: '68bd9374cccb958e3882715386e3ca43') in 1.693681 seconds 
  Import took 1.695800 seconds .

========================================================================
Received Import Request.
  Time since last request: 14.928332 seconds.
  path: Assets/Plugins/Android/app-debug.aar
  artifactKey: Guid(7250af2d286800146b4c51198c067efd) Importer(815301076,1909f56bfc062723c751e8b465ee728b)
Start importing Assets/Plugins/Android/app-debug.aar using Guid(7250af2d286800146b4c51198c067efd) Importer(815301076,1909f56bfc062723c751e8b465ee728b)  -> (artifact id: 'db0e962eecc74574bfb83805cee01143') in 0.004479 seconds 
  Import took 0.006634 seconds .

========================================================================
Received Import Request.
  Time since last request: 0.010722 seconds.
  path: Assets/Plugins/Android/app-debug.aar
  artifactKey: Guid(7250af2d286800146b4c51198c067efd) Importer(815301076,1909f56bfc062723c751e8b465ee728b)
Start importing Assets/Plugins/Android/app-debug.aar using Guid(7250af2d286800146b4c51198c067efd) Importer(815301076,1909f56bfc062723c751e8b465ee728b)  -> (artifact id: 'db0e962eecc74574bfb83805cee01143') in 0.003400 seconds 
  Import took 0.005298 seconds .

========================================================================
Received Prepare
Refreshing native plugins compatible for Editor in 5.25 ms, found 2 plugins.
Preloading 0 native plugins for Editor in 0.00 ms.
Unloading 12 Unused Serialized files (Serialized files now loaded: 0)
System memory in use before: 147.7 MB.
System memory in use after: 147.8 MB.

Unloading 12 unused Assets to reduce memory usage. Loaded Objects now: 1878.
Total: 2.067711 ms (FindLiveObjects: 0.143067 ms CreateObjectMapping: 0.044981 ms MarkObjects: 1.868468 ms  DeleteObjects: 0.010096 ms)

AssetImportParameters requested are different than current active one (requested -> active):
  custom:video-decoder-ogg-theora: a1e56fd34408186e4bbccfd4996cb3dc -> 
  custom:container-muxer-webm: aa71ff27fc2769a1b78a27578f13a17b -> 
  custom:container-demuxer-webm: 4f35f7cbe854078d1ac9338744f61a02 -> 
  custom:container-demuxer-ogg: 62fdf1f143b41e24485cea50d1cbac27 -> 
  custom:video-encoder-webm-vp8: eb34c28f22e8b96e1ab97ce403110664 -> 
  custom:framework-osx-AVFoundation: e770b220cccbd017edd2c1fefb359320 -> 
  custom:video-decoder-webm-vp8: 9c59270c3fd7afecdb556c50c9e8de78 -> 
  custom:audio-decoder-ogg-vorbis: bf7c407c2cedff20999df2af8eb42d56 -> 
  custom:audio-encoder-webm-vorbis: bf7c407c2cedff20999df2af8eb42d56 -> 
AssetImportWorkerClient::OnTransportError - code=2 error=End of file
